<?xml version="1.0" encoding="UTF-8"?>
<!-- Generated by org.testng.reporters.JUnitXMLReporter -->
<testsuite hostname="DESKTOP-NBSLBQ4" ignored="0" name="Default test" tests="3" failures="0" timestamp="2022-07-24T12:50:37 IST" time="0.218" errors="0">
  <testcase name="Teacer" time="0.016" classname="com.TestNG_Framework.TestNG_Test"/>
  <testcase name="board" time="0.013" classname="com.TestNG_Framework.TestNG_Test"/>
  <testcase name="book" time="0.015" classname="com.TestNG_Framework.TestNG_Test"/>
</testsuite> <!-- Default test -->
