<?xml version="1.0" encoding="UTF-8"?>
<!-- Generated by org.testng.reporters.JUnitXMLReporter -->
<testsuite hostname="DESKTOP-NBSLBQ4" ignored="1" name="Test" tests="2" failures="0" timestamp="2022-07-24T14:39:38 IST" time="0.159" errors="0">
  <testcase name="board" time="0.024" classname="com.TestNG_Framework.TestNG_Test"/>
  <testcase name="book" time="0.006" classname="com.TestNG_Framework.TestNG_Test"/>
  <testcase name="Teacer" time="0.0" classname="com.TestNG_Framework.TestNG_Test">
    <ignored/>
  </testcase> <!-- Teacer -->
</testsuite> <!-- Test -->
