<?xml version="1.0" encoding="UTF-8"?>
<testng-results skipped="0" failed="0" ignored="1" total="3" passed="2">
  <reporter-output>
  </reporter-output>
  <suite name="Suite" duration-ms="159" started-at="2022-07-24T14:39:38 IST" finished-at="2022-07-24T14:39:38 IST">
    <groups>
      <group name="school">
        <method signature="TestNG_Test.board()[pri:0, instance:com.TestNG_Framework.TestNG_Test@1f554b06]" name="board" class="com.TestNG_Framework.TestNG_Test"/>
        <method signature="TestNG_Test.book()[pri:0, instance:com.TestNG_Framework.TestNG_Test@1f554b06]" name="book" class="com.TestNG_Framework.TestNG_Test"/>
      </group> <!-- school -->
    </groups>
    <test name="Test" duration-ms="159" started-at="2022-07-24T14:39:38 IST" finished-at="2022-07-24T14:39:38 IST">
      <class name="com.TestNG_Framework.TestNG_Test">
        <test-method status="PASS" signature="board()[pri:0, instance:com.TestNG_Framework.TestNG_Test@1f554b06]" name="board" duration-ms="24" started-at="2022-07-24T14:39:38 IST" finished-at="2022-07-24T14:39:38 IST">
          <reporter-output>
          </reporter-output>
        </test-method> <!-- board -->
        <test-method status="PASS" signature="book()[pri:0, instance:com.TestNG_Framework.TestNG_Test@1f554b06]" name="book" duration-ms="6" started-at="2022-07-24T14:39:38 IST" finished-at="2022-07-24T14:39:38 IST">
          <reporter-output>
          </reporter-output>
        </test-method> <!-- book -->
      </class> <!-- com.TestNG_Framework.TestNG_Test -->
    </test> <!-- Test -->
  </suite> <!-- Suite -->
</testng-results>
